<?xml version="1.0" encoding="UTF-8"?>
<!-- Generated by org.testng.reporters.JUnitReportReporter -->
<testsuite hostname="LAPTOP-NOCNVOE4" failures="0" tests="1" name="runner.RunTest" time="18.324" errors="0" timestamp="31 Jan 2024 14:15:45 GMT" skipped="0">
  <testcase classname="runner.RunTest" name="runScenario" time="18.324"/>
</testsuite> <!-- runner.RunTest -->
