<?xml version="1.0" encoding="UTF-8"?>
<!-- Generated by org.testng.reporters.JUnitReportReporter -->
<testsuite hostname="LAPTOP-NOCNVOE4" failures="0" tests="1" name="runner.RunTest" time="26.512" errors="0" timestamp="31 Jan 2024 16:42:51 GMT" skipped="0">
  <testcase classname="runner.RunTest" name="runScenario" time="26.512"/>
</testsuite> <!-- runner.RunTest -->
